<?xml version="1.0" encoding="UTF-8"?>
<coverage generated="1617831855960" clover="3.2.0">
  <project timestamp="1617831855960" name="All files">
    <metrics statements="28" coveredstatements="21" conditionals="12" coveredconditionals="12" methods="11" coveredmethods="6" elements="51" coveredelements="39" complexity="0" loc="28" ncloc="28" packages="1" files="4" classes="4"/>
    <file name="Game.jsx" path="C:\WebStormProjects\Odev_05\src\client\Game.jsx">
      <metrics statements="22" coveredstatements="21" conditionals="12" coveredconditionals="12" methods="7" coveredmethods="6"/>
      <line num="5" count="6" type="stmt"/>
      <line num="6" count="6" type="stmt"/>
      <line num="16" count="6" type="stmt"/>
      <line num="17" count="11" type="stmt"/>
      <line num="19" count="11" type="cond" truecount="2" falsecount="0"/>
      <line num="20" count="7" type="stmt"/>
      <line num="23" count="7" type="cond" truecount="2" falsecount="0"/>
      <line num="24" count="3" type="stmt"/>
      <line num="25" count="3" type="stmt"/>
      <line num="27" count="4" type="stmt"/>
      <line num="28" count="4" type="cond" truecount="2" falsecount="0"/>
      <line num="29" count="1" type="stmt"/>
      <line num="32" count="6" type="stmt"/>
      <line num="38" count="6" type="cond" truecount="2" falsecount="0"/>
      <line num="39" count="3" type="stmt"/>
      <line num="47" count="6" type="stmt"/>
      <line num="48" count="0" type="stmt"/>
      <line num="58" count="12" type="stmt"/>
      <line num="59" count="12" type="stmt"/>
      <line num="63" count="7" type="stmt"/>
      <line num="64" count="3" type="stmt"/>
      <line num="65" count="1" type="stmt"/>
    </file>
    <file name="home.jsx" path="C:\WebStormProjects\Odev_05\src\client\home.jsx">
      <metrics statements="1" coveredstatements="0" conditionals="0" coveredconditionals="0" methods="1" coveredmethods="0"/>
      <line num="6" count="0" type="stmt"/>
    </file>
    <file name="index.jsx" path="C:\WebStormProjects\Odev_05\src\client\index.jsx">
      <metrics statements="4" coveredstatements="0" conditionals="0" coveredconditionals="0" methods="2" coveredmethods="0"/>
      <line num="8" count="0" type="stmt"/>
      <line num="9" count="0" type="stmt"/>
      <line num="22" count="0" type="stmt"/>
      <line num="34" count="0" type="stmt"/>
    </file>
    <file name="sonuc.jsx" path="C:\WebStormProjects\Odev_05\src\client\sonuc.jsx">
      <metrics statements="1" coveredstatements="0" conditionals="0" coveredconditionals="0" methods="1" coveredmethods="0"/>
      <line num="6" count="0" type="stmt"/>
    </file>
  </project>
</coverage>
