{"C:\\WebStormProjects\\Odev_05\\src\\client\\Game.jsx": {"path":"C:\\WebStormProjects\\Odev_05\\src\\client\\Game.jsx","statementMap":{"0":{"start":{"line":5,"column":8},"end":{"line":5,"column":21}},"1":{"start":{"line":6,"column":8},"end":{"line":12,"column":9}},"2":{"start":{"line":16,"column":14},"end":{"line":45,"column":5}},"3":{"start":{"line":17,"column":61},"end":{"line":17,"column":71}},"4":{"start":{"line":19,"column":8},"end":{"line":44,"column":9}},"5":{"start":{"line":20,"column":29},"end":{"line":20,"column":38}},"6":{"start":{"line":23,"column":12},"end":{"line":31,"column":13}},"7":{"start":{"line":24,"column":16},"end":{"line":24,"column":49}},"8":{"start":{"line":25,"column":16},"end":{"line":25,"column":39}},"9":{"start":{"line":27,"column":16},"end":{"line":27,"column":50}},"10":{"start":{"line":28,"column":16},"end":{"line":30,"column":17}},"11":{"start":{"line":29,"column":19},"end":{"line":29,"column":99}},"12":{"start":{"line":32,"column":12},"end":{"line":36,"column":15}},"13":{"start":{"line":38,"column":12},"end":{"line":42,"column":13}},"14":{"start":{"line":39,"column":16},"end":{"line":41,"column":18}},"15":{"start":{"line":47,"column":15},"end":{"line":55,"column":5}},"16":{"start":{"line":48,"column":8},"end":{"line":54,"column":10}},"17":{"start":{"line":58,"column":32},"end":{"line":58,"column":42}},"18":{"start":{"line":59,"column":8},"end":{"line":73,"column":10}},"19":{"start":{"line":63,"column":66},"end":{"line":63,"column":81}},"20":{"start":{"line":64,"column":66},"end":{"line":64,"column":81}},"21":{"start":{"line":65,"column":66},"end":{"line":65,"column":81}}},"fnMap":{"0":{"name":"(anonymous_0)","decl":{"start":{"line":4,"column":4},"end":{"line":4,"column":5}},"loc":{"start":{"line":4,"column":23},"end":{"line":13,"column":5}},"line":4},"1":{"name":"(anonymous_1)","decl":{"start":{"line":16,"column":14},"end":{"line":16,"column":15}},"loc":{"start":{"line":16,"column":25},"end":{"line":45,"column":5}},"line":16},"2":{"name":"(anonymous_2)","decl":{"start":{"line":47,"column":15},"end":{"line":47,"column":16}},"loc":{"start":{"line":47,"column":21},"end":{"line":55,"column":5}},"line":47},"3":{"name":"(anonymous_3)","decl":{"start":{"line":57,"column":4},"end":{"line":57,"column":5}},"loc":{"start":{"line":57,"column":12},"end":{"line":74,"column":5}},"line":57},"4":{"name":"(anonymous_4)","decl":{"start":{"line":63,"column":61},"end":{"line":63,"column":62}},"loc":{"start":{"line":63,"column":65},"end":{"line":63,"column":82}},"line":63},"5":{"name":"(anonymous_5)","decl":{"start":{"line":64,"column":61},"end":{"line":64,"column":62}},"loc":{"start":{"line":64,"column":65},"end":{"line":64,"column":82}},"line":64},"6":{"name":"(anonymous_6)","decl":{"start":{"line":65,"column":61},"end":{"line":65,"column":62}},"loc":{"start":{"line":65,"column":65},"end":{"line":65,"column":82}},"line":65}},"branchMap":{"0":{"loc":{"start":{"line":19,"column":8},"end":{"line":44,"column":9}},"type":"if","locations":[{"start":{"line":19,"column":8},"end":{"line":44,"column":9}},{"start":{"line":19,"column":8},"end":{"line":44,"column":9}}],"line":19},"1":{"loc":{"start":{"line":23,"column":12},"end":{"line":31,"column":13}},"type":"if","locations":[{"start":{"line":23,"column":12},"end":{"line":31,"column":13}},{"start":{"line":23,"column":12},"end":{"line":31,"column":13}}],"line":23},"2":{"loc":{"start":{"line":28,"column":16},"end":{"line":30,"column":17}},"type":"if","locations":[{"start":{"line":28,"column":16},"end":{"line":30,"column":17}},{"start":{"line":28,"column":16},"end":{"line":30,"column":17}}],"line":28},"3":{"loc":{"start":{"line":38,"column":12},"end":{"line":42,"column":13}},"type":"if","locations":[{"start":{"line":38,"column":12},"end":{"line":42,"column":13}},{"start":{"line":38,"column":12},"end":{"line":42,"column":13}}],"line":38},"4":{"loc":{"start":{"line":67,"column":24},"end":{"line":67,"column":91}},"type":"cond-expr","locations":[{"start":{"line":67,"column":30},"end":{"line":67,"column":35}},{"start":{"line":67,"column":36},"end":{"line":67,"column":91}}],"line":67},"5":{"loc":{"start":{"line":68,"column":21},"end":{"line":69,"column":108}},"type":"binary-expr","locations":[{"start":{"line":68,"column":21},"end":{"line":68,"column":26}},{"start":{"line":69,"column":24},"end":{"line":69,"column":108}}],"line":68}},"s":{"0":6,"1":6,"2":6,"3":11,"4":11,"5":7,"6":7,"7":3,"8":3,"9":4,"10":4,"11":1,"12":6,"13":6,"14":3,"15":6,"16":0,"17":12,"18":12,"19":7,"20":3,"21":1},"f":{"0":6,"1":11,"2":0,"3":12,"4":7,"5":3,"6":1},"b":{"0":[7,4],"1":[3,4],"2":[1,3],"3":[3,3],"4":[3,9],"5":[12,3]},"_coverageSchema":"1a1c01bbd47fc00a2c39e90264f33305004495a9","hash":"2f37568edb8db660a95f09062fb4569d3e7171ae"}
,"C:\\WebStormProjects\\Odev_05\\src\\client\\home.jsx": {"path":"C:\\WebStormProjects\\Odev_05\\src\\client\\home.jsx","statementMap":{"0":{"start":{"line":6,"column":8},"end":{"line":18,"column":10}}},"fnMap":{"0":{"name":"(anonymous_0)","decl":{"start":{"line":5,"column":4},"end":{"line":5,"column":5}},"loc":{"start":{"line":5,"column":13},"end":{"line":19,"column":5}},"line":5}},"branchMap":{},"s":{"0":0},"f":{"0":0},"b":{}}
,"C:\\WebStormProjects\\Odev_05\\src\\client\\index.jsx": {"path":"C:\\WebStormProjects\\Odev_05\\src\\client\\index.jsx","statementMap":{"0":{"start":{"line":8,"column":16},"end":{"line":17,"column":1}},"1":{"start":{"line":9,"column":4},"end":{"line":16,"column":5}},"2":{"start":{"line":22,"column":8},"end":{"line":31,"column":9}},"3":{"start":{"line":34,"column":0},"end":{"line":34,"column":58}}},"fnMap":{"0":{"name":"(anonymous_0)","decl":{"start":{"line":8,"column":16},"end":{"line":8,"column":17}},"loc":{"start":{"line":8,"column":20},"end":{"line":17,"column":1}},"line":8},"1":{"name":"(anonymous_1)","decl":{"start":{"line":21,"column":4},"end":{"line":21,"column":5}},"loc":{"start":{"line":21,"column":13},"end":{"line":32,"column":5}},"line":21}},"branchMap":{},"s":{"0":0,"1":0,"2":0,"3":0},"f":{"0":0,"1":0},"b":{}}
,"C:\\WebStormProjects\\Odev_05\\src\\client\\sonuc.jsx": {"path":"C:\\WebStormProjects\\Odev_05\\src\\client\\sonuc.jsx","statementMap":{"0":{"start":{"line":6,"column":8},"end":{"line":18,"column":10}}},"fnMap":{"0":{"name":"(anonymous_0)","decl":{"start":{"line":5,"column":4},"end":{"line":5,"column":5}},"loc":{"start":{"line":5,"column":13},"end":{"line":19,"column":5}},"line":5}},"branchMap":{},"s":{"0":0},"f":{"0":0},"b":{}}
}
