TN:
SF:src\client\Game.jsx
FN:4,(anonymous_0)
FN:16,(anonymous_1)
FN:47,(anonymous_2)
FN:57,(anonymous_3)
FN:63,(anonymous_4)
FN:64,(anonymous_5)
FN:65,(anonymous_6)
FNF:7
FNH:6
FNDA:6,(anonymous_0)
FNDA:11,(anonymous_1)
FNDA:0,(anonymous_2)
FNDA:12,(anonymous_3)
FNDA:7,(anonymous_4)
FNDA:3,(anonymous_5)
FNDA:1,(anonymous_6)
DA:5,6
DA:6,6
DA:16,6
DA:17,11
DA:19,11
DA:20,7
DA:23,7
DA:24,3
DA:25,3
DA:27,4
DA:28,4
DA:29,1
DA:32,6
DA:38,6
DA:39,3
DA:47,6
DA:48,0
DA:58,12
DA:59,12
DA:63,7
DA:64,3
DA:65,1
LF:22
LH:21
BRDA:19,0,0,7
BRDA:19,0,1,4
BRDA:23,1,0,3
BRDA:23,1,1,4
BRDA:28,2,0,1
BRDA:28,2,1,3
BRDA:38,3,0,3
BRDA:38,3,1,3
BRDA:67,4,0,3
BRDA:67,4,1,9
BRDA:68,5,0,12
BRDA:68,5,1,3
BRF:12
BRH:12
end_of_record
TN:
SF:src\client\home.jsx
FN:5,(anonymous_0)
FNF:1
FNH:0
FNDA:0,(anonymous_0)
DA:6,0
LF:1
LH:0
BRF:0
BRH:0
end_of_record
TN:
SF:src\client\index.jsx
FN:8,(anonymous_0)
FN:21,(anonymous_1)
FNF:2
FNH:0
FNDA:0,(anonymous_0)
FNDA:0,(anonymous_1)
DA:8,0
DA:9,0
DA:22,0
DA:34,0
LF:4
LH:0
BRF:0
BRH:0
end_of_record
TN:
SF:src\client\sonuc.jsx
FN:5,(anonymous_0)
FNF:1
FNH:0
FNDA:0,(anonymous_0)
DA:6,0
LF:1
LH:0
BRF:0
BRH:0
end_of_record
